     1                                  ORG 0
     2                                  BITS 16
     3                                  
     4                                  _start:
     5 00000000 EB22                        jmp short start
     6 00000002 90                          nop
     7                                  
     8 00000003 00<rep 21h>             times 33 db 0
     9                                  
    10                                  start:
    11 00000024 EA[2900]C007                jmp 0x7c0:step2
    12                                  
    13                                  step2:
    14 00000029 FA                          cli     ;Clear Interrupts
    15 0000002A B8C007                      mov ax, 0x7c0
    16 0000002D 8ED8                        mov ds, ax
    17 0000002F 8EC0                        mov es, ax
    18 00000031 B80000                      mov ax, 0x00
    19 00000034 8ED0                        mov ss, ax
    20 00000036 BC007C                      mov sp, 0x7c00
    21 00000039 FB                          sti ; Enables Interrupts
    22                                  
    23 0000003A BE[4E00]                    mov si, message
    24 0000003D E80200                      call print
    25 00000040 EBFE                        jmp $
    26                                  
    27                                  print:
    28                                      .loop:
    29 00000042 AC                          lodsb
    30 00000043 08C0                        or al, al
    31 00000045 7406                        jz .done
    32 00000047 B40E                        mov ah, 0eh
    33 00000049 CD10                        int 0x10
    34 0000004B EBF5                        jmp .loop
    35                                  .done:
    36 0000004D C3                          ret
    37                                  
    38 0000004E 68656C6C6F2C776F72-     message: db 'hello,world',0
    38 00000057 6C6400             
    39                                  
    40 0000005A 00<rep 1A4h>            times 510- ($ - $$) db 0
    41 000001FE 55                      db 0x55
    42 000001FF AA                      db 0xAA
